Arguments: 
  /usr/local/bin/node /usr/local/bin/yarn migration:generate

PATH: 
  /usr/local/bin:/usr/local/bin:/usr/bin:/bin:/usr/sbin:/sbin

Yarn version: 
  1.22.18

Node version: 
  18.2.0

Platform: 
  darwin arm64

Trace: 
  SyntaxError: /Users/sayinmehmet47/Desktop/projeler/MyProject/package.json: Unexpected token } in JSON at position 873
      at JSON.parse (<anonymous>)
      at /usr/local/lib/node_modules/yarn/lib/cli.js:1625:59
      at Generator.next (<anonymous>)
      at step (/usr/local/lib/node_modules/yarn/lib/cli.js:310:30)
      at /usr/local/lib/node_modules/yarn/lib/cli.js:321:13

npm manifest: 
  {
     "name": "MyProject",
     "version": "0.0.1",
     "description": "Awesome project developed with TypeORM.",
     "type": "commonjs",
     "devDependencies": {
        "@types/node": "^16.11.10",
        "ts-node": "^10.7.0",
        "typescript": "4.5.2"
     },
     "dependencies": {
        "pg": "^8.4.0",
        "reflect-metadata": "^0.1.13",
        "typeorm": "0.3.6"
     },
     "scripts": {
        "start": "ts-node src/index.ts",
        "typeorm": "typeorm-ts-node-commonjs",
        "migration:generate": "./node_modules/.bin/ts-node ./node_modules/.bin/typeorm migration:generate -d src/modules/config/ormconfig.ts",
        "migration:up": "./node_modules/.bin/ts-node ./node_modules/.bin/typeorm migration:run -d src/modules/config/ormconfig.ts",
        "migration:down": "./node_modules/.bin/ts-node ./node_modules/.bin/typeorm migration:revert -d src/modules/config/ormconfig.ts",
     }
  }

yarn manifest: 
  No manifest

Lockfile: 
  No lockfile
